[2023-03-23T04:36:37.539+0000] {processor.py:153} INFO - Started process (PID=72964) to work on /home/ubuntu/airflow/dags/redshift_data.py
[2023-03-23T04:36:37.539+0000] {processor.py:743} INFO - Processing file /home/ubuntu/airflow/dags/redshift_data.py for tasks to queue
[2023-03-23T04:36:37.540+0000] {logging_mixin.py:137} INFO - [2023-03-23T04:36:37.540+0000] {dagbag.py:532} INFO - Filling up the DagBag from /home/ubuntu/airflow/dags/redshift_data.py
[2023-03-23T04:36:37.637+0000] {logging_mixin.py:137} WARNING - /usr/local/lib/python3.8/dist-packages/airflow/providers/postgres/hooks/postgres.py:30 RemovedInAirflow3Warning: This module is deprecated. Please use `airflow.providers.common.sql.hooks.sql`.
[2023-03-23T04:36:38.186+0000] {processor.py:753} INFO - DAG(s) dict_keys(['s3_to_redshift']) retrieved from /home/ubuntu/airflow/dags/redshift_data.py
[2023-03-23T04:36:38.448+0000] {logging_mixin.py:137} INFO - [2023-03-23T04:36:38.448+0000] {manager.py:504} INFO - Created Permission View: can read on DAG:s3_to_redshift
[2023-03-23T04:36:38.464+0000] {logging_mixin.py:137} INFO - [2023-03-23T04:36:38.464+0000] {manager.py:504} INFO - Created Permission View: can edit on DAG:s3_to_redshift
[2023-03-23T04:36:38.471+0000] {logging_mixin.py:137} INFO - [2023-03-23T04:36:38.471+0000] {manager.py:504} INFO - Created Permission View: can delete on DAG:s3_to_redshift
[2023-03-23T04:36:38.472+0000] {logging_mixin.py:137} INFO - [2023-03-23T04:36:38.471+0000] {dag.py:2693} INFO - Sync 1 DAGs
[2023-03-23T04:36:38.484+0000] {logging_mixin.py:137} INFO - [2023-03-23T04:36:38.484+0000] {dag.py:2714} INFO - Creating ORM DAG for s3_to_redshift
[2023-03-23T04:36:38.496+0000] {logging_mixin.py:137} INFO - [2023-03-23T04:36:38.496+0000] {dag.py:3440} INFO - Setting next_dagrun for s3_to_redshift to 2023-03-21T15:00:00+00:00, run_after=2023-03-21T16:00:00+00:00
[2023-03-23T04:36:38.510+0000] {processor.py:175} INFO - Processing /home/ubuntu/airflow/dags/redshift_data.py took 0.975 seconds
[2023-03-23T04:37:09.236+0000] {processor.py:153} INFO - Started process (PID=72985) to work on /home/ubuntu/airflow/dags/redshift_data.py
[2023-03-23T04:37:09.237+0000] {processor.py:743} INFO - Processing file /home/ubuntu/airflow/dags/redshift_data.py for tasks to queue
[2023-03-23T04:37:09.237+0000] {logging_mixin.py:137} INFO - [2023-03-23T04:37:09.237+0000] {dagbag.py:532} INFO - Filling up the DagBag from /home/ubuntu/airflow/dags/redshift_data.py
[2023-03-23T04:37:09.282+0000] {logging_mixin.py:137} WARNING - /usr/local/lib/python3.8/dist-packages/airflow/providers/postgres/hooks/postgres.py:30 RemovedInAirflow3Warning: This module is deprecated. Please use `airflow.providers.common.sql.hooks.sql`.
[2023-03-23T04:37:09.606+0000] {processor.py:753} INFO - DAG(s) dict_keys(['s3_to_redshift']) retrieved from /home/ubuntu/airflow/dags/redshift_data.py
[2023-03-23T04:37:09.757+0000] {logging_mixin.py:137} INFO - [2023-03-23T04:37:09.757+0000] {dag.py:2693} INFO - Sync 1 DAGs
[2023-03-23T04:37:09.778+0000] {logging_mixin.py:137} INFO - [2023-03-23T04:37:09.778+0000] {dag.py:3440} INFO - Setting next_dagrun for s3_to_redshift to 2023-03-21T15:00:00+00:00, run_after=2023-03-21T16:00:00+00:00
[2023-03-23T04:37:09.793+0000] {processor.py:175} INFO - Processing /home/ubuntu/airflow/dags/redshift_data.py took 0.560 seconds
[2023-03-23T04:42:40.339+0000] {processor.py:153} INFO - Started process (PID=73232) to work on /home/ubuntu/airflow/dags/redshift_data.py
[2023-03-23T04:42:40.340+0000] {processor.py:743} INFO - Processing file /home/ubuntu/airflow/dags/redshift_data.py for tasks to queue
[2023-03-23T04:42:40.341+0000] {logging_mixin.py:137} INFO - [2023-03-23T04:42:40.340+0000] {dagbag.py:532} INFO - Filling up the DagBag from /home/ubuntu/airflow/dags/redshift_data.py
[2023-03-23T04:42:40.571+0000] {logging_mixin.py:137} WARNING - /usr/local/lib/python3.8/dist-packages/airflow/providers/postgres/hooks/postgres.py:30 RemovedInAirflow3Warning: This module is deprecated. Please use `airflow.providers.common.sql.hooks.sql`.
